{"uid":"7a54fe21b93816d9","name":"Add 10 entries, delete top entry, scroll down, verify that original notes remain","fullName":"features/planner.feature:7","historyId":"b54899891e8d8dd44dfdbdc12b41b445","time":{"start":1762769243196,"stop":1762769245113,"duration":1917},"status":"broken","statusMessage":"element not interactable\n  (Session info: chrome=142.0.7444.59)\nBuild info: version: '4.16.1', revision: '9b4c83354e'\nSystem info: os.name: 'Linux', os.arch: 'amd64', os.version: '6.11.0-1018-azure', java.version: '21.0.9'\nDriver info: org.openqa.selenium.chrome.ChromeDriver\nCommand: [021bf00ec37480c5b5259aa7af6ee1f3, clickElement {id=f.1808E9FF179D35EC67E414396B34484C.d.69A6140BB3A5CA51BA3844DE9EBC39B0.e.18}]\nCapabilities {acceptInsecureCerts: false, browserName: chrome, browserVersion: 142.0.7444.59, chrome: {chromedriverVersion: 142.0.7444.59 (4b8153ab58d3..., userDataDir: /tmp/chrome-profile-2268972...}, fedcm:accounts: true, goog:chromeOptions: {debuggerAddress: localhost:37439}, goog:processID: 2603, networkConnectionEnabled: false, pageLoadStrategy: normal, platformName: linux, proxy: Proxy(), se:cdp: ws://localhost:37439/devtoo..., se:cdpVersion: 142.0.7444.59, setWindowRect: true, strictFileInteractability: false, timeouts: {implicit: 0, pageLoad: 300000, script: 30000}, unhandledPromptBehavior: dismiss and notify, webauthn:extension:credBlob: true, webauthn:extension:largeBlob: true, webauthn:extension:minPinLength: true, webauthn:extension:prf: true, webauthn:virtualAuthenticators: true}\nElement: [[ChromeDriver: chrome on linux (021bf00ec37480c5b5259aa7af6ee1f3)] -> css selector: .pageCreate__content > button]\nSession ID: 021bf00ec37480c5b5259aa7af6ee1f3","statusTrace":"org.openqa.selenium.ElementNotInteractableException: element not interactable\n  (Session info: chrome=142.0.7444.59)\nBuild info: version: '4.16.1', revision: '9b4c83354e'\nSystem info: os.name: 'Linux', os.arch: 'amd64', os.version: '6.11.0-1018-azure', java.version: '21.0.9'\nDriver info: org.openqa.selenium.chrome.ChromeDriver\nCommand: [021bf00ec37480c5b5259aa7af6ee1f3, clickElement {id=f.1808E9FF179D35EC67E414396B34484C.d.69A6140BB3A5CA51BA3844DE9EBC39B0.e.18}]\nCapabilities {acceptInsecureCerts: false, browserName: chrome, browserVersion: 142.0.7444.59, chrome: {chromedriverVersion: 142.0.7444.59 (4b8153ab58d3..., userDataDir: /tmp/chrome-profile-2268972...}, fedcm:accounts: true, goog:chromeOptions: {debuggerAddress: localhost:37439}, goog:processID: 2603, networkConnectionEnabled: false, pageLoadStrategy: normal, platformName: linux, proxy: Proxy(), se:cdp: ws://localhost:37439/devtoo..., se:cdpVersion: 142.0.7444.59, setWindowRect: true, strictFileInteractability: false, timeouts: {implicit: 0, pageLoad: 300000, script: 30000}, unhandledPromptBehavior: dismiss and notify, webauthn:extension:credBlob: true, webauthn:extension:largeBlob: true, webauthn:extension:minPinLength: true, webauthn:extension:prf: true, webauthn:virtualAuthenticators: true}\nElement: [[ChromeDriver: chrome on linux (021bf00ec37480c5b5259aa7af6ee1f3)] -> css selector: .pageCreate__content > button]\nSession ID: 021bf00ec37480c5b5259aa7af6ee1f3\n\tat java.base/jdk.internal.reflect.DirectConstructorHandleAccessor.newInstance(DirectConstructorHandleAccessor.java:62)\n\tat java.base/java.lang.reflect.Constructor.newInstanceWithCaller(Constructor.java:502)\n\tat java.base/java.lang.reflect.Constructor.newInstance(Constructor.java:486)\n\tat org.openqa.selenium.remote.codec.w3c.W3CHttpResponseCodec.createException(W3CHttpResponseCodec.java:200)\n\tat org.openqa.selenium.remote.codec.w3c.W3CHttpResponseCodec.decode(W3CHttpResponseCodec.java:133)\n\tat org.openqa.selenium.remote.codec.w3c.W3CHttpResponseCodec.decode(W3CHttpResponseCodec.java:52)\n\tat org.openqa.selenium.remote.HttpCommandExecutor.execute(HttpCommandExecutor.java:191)\n\tat org.openqa.selenium.remote.service.DriverCommandExecutor.invokeExecute(DriverCommandExecutor.java:200)\n\tat org.openqa.selenium.remote.service.DriverCommandExecutor.execute(DriverCommandExecutor.java:175)\n\tat org.openqa.selenium.remote.RemoteWebDriver.execute(RemoteWebDriver.java:523)\n\tat org.openqa.selenium.remote.RemoteWebElement.execute(RemoteWebElement.java:224)\n\tat org.openqa.selenium.remote.RemoteWebElement.click(RemoteWebElement.java:77)\n\tat by.tanya.intershop.pages.PlannerPage.addEntries(PlannerPage.java:60)\n\tat by.tanya.intershop.steptoscenario.PlannerStep.addEntriesToPlanner(PlannerStep.java:22)\n\tat ✽.Add 10 new entries(classpath:features/planner.feature:8)\n","flaky":false,"newFailed":false,"newBroken":false,"newPassed":false,"retriesCount":0,"retriesStatusChange":false,"beforeStages":[{"name":"by.tanya.intershop.hooks.BeforeAfterSteps.setUp()","time":{"start":1762769243197,"stop":1762769243485,"duration":288},"status":"passed","steps":[],"attachments":[],"parameters":[],"shouldDisplayMessage":false,"stepsCount":0,"attachmentsCount":0,"hasContent":false,"attachmentStep":false}],"testStage":{"status":"broken","statusMessage":"element not interactable\n  (Session info: chrome=142.0.7444.59)\nBuild info: version: '4.16.1', revision: '9b4c83354e'\nSystem info: os.name: 'Linux', os.arch: 'amd64', os.version: '6.11.0-1018-azure', java.version: '21.0.9'\nDriver info: org.openqa.selenium.chrome.ChromeDriver\nCommand: [021bf00ec37480c5b5259aa7af6ee1f3, clickElement {id=f.1808E9FF179D35EC67E414396B34484C.d.69A6140BB3A5CA51BA3844DE9EBC39B0.e.18}]\nCapabilities {acceptInsecureCerts: false, browserName: chrome, browserVersion: 142.0.7444.59, chrome: {chromedriverVersion: 142.0.7444.59 (4b8153ab58d3..., userDataDir: /tmp/chrome-profile-2268972...}, fedcm:accounts: true, goog:chromeOptions: {debuggerAddress: localhost:37439}, goog:processID: 2603, networkConnectionEnabled: false, pageLoadStrategy: normal, platformName: linux, proxy: Proxy(), se:cdp: ws://localhost:37439/devtoo..., se:cdpVersion: 142.0.7444.59, setWindowRect: true, strictFileInteractability: false, timeouts: {implicit: 0, pageLoad: 300000, script: 30000}, unhandledPromptBehavior: dismiss and notify, webauthn:extension:credBlob: true, webauthn:extension:largeBlob: true, webauthn:extension:minPinLength: true, webauthn:extension:prf: true, webauthn:virtualAuthenticators: true}\nElement: [[ChromeDriver: chrome on linux (021bf00ec37480c5b5259aa7af6ee1f3)] -> css selector: .pageCreate__content > button]\nSession ID: 021bf00ec37480c5b5259aa7af6ee1f3","statusTrace":"org.openqa.selenium.ElementNotInteractableException: element not interactable\n  (Session info: chrome=142.0.7444.59)\nBuild info: version: '4.16.1', revision: '9b4c83354e'\nSystem info: os.name: 'Linux', os.arch: 'amd64', os.version: '6.11.0-1018-azure', java.version: '21.0.9'\nDriver info: org.openqa.selenium.chrome.ChromeDriver\nCommand: [021bf00ec37480c5b5259aa7af6ee1f3, clickElement {id=f.1808E9FF179D35EC67E414396B34484C.d.69A6140BB3A5CA51BA3844DE9EBC39B0.e.18}]\nCapabilities {acceptInsecureCerts: false, browserName: chrome, browserVersion: 142.0.7444.59, chrome: {chromedriverVersion: 142.0.7444.59 (4b8153ab58d3..., userDataDir: /tmp/chrome-profile-2268972...}, fedcm:accounts: true, goog:chromeOptions: {debuggerAddress: localhost:37439}, goog:processID: 2603, networkConnectionEnabled: false, pageLoadStrategy: normal, platformName: linux, proxy: Proxy(), se:cdp: ws://localhost:37439/devtoo..., se:cdpVersion: 142.0.7444.59, setWindowRect: true, strictFileInteractability: false, timeouts: {implicit: 0, pageLoad: 300000, script: 30000}, unhandledPromptBehavior: dismiss and notify, webauthn:extension:credBlob: true, webauthn:extension:largeBlob: true, webauthn:extension:minPinLength: true, webauthn:extension:prf: true, webauthn:virtualAuthenticators: true}\nElement: [[ChromeDriver: chrome on linux (021bf00ec37480c5b5259aa7af6ee1f3)] -> css selector: .pageCreate__content > button]\nSession ID: 021bf00ec37480c5b5259aa7af6ee1f3\n\tat java.base/jdk.internal.reflect.DirectConstructorHandleAccessor.newInstance(DirectConstructorHandleAccessor.java:62)\n\tat java.base/java.lang.reflect.Constructor.newInstanceWithCaller(Constructor.java:502)\n\tat java.base/java.lang.reflect.Constructor.newInstance(Constructor.java:486)\n\tat org.openqa.selenium.remote.codec.w3c.W3CHttpResponseCodec.createException(W3CHttpResponseCodec.java:200)\n\tat org.openqa.selenium.remote.codec.w3c.W3CHttpResponseCodec.decode(W3CHttpResponseCodec.java:133)\n\tat org.openqa.selenium.remote.codec.w3c.W3CHttpResponseCodec.decode(W3CHttpResponseCodec.java:52)\n\tat org.openqa.selenium.remote.HttpCommandExecutor.execute(HttpCommandExecutor.java:191)\n\tat org.openqa.selenium.remote.service.DriverCommandExecutor.invokeExecute(DriverCommandExecutor.java:200)\n\tat org.openqa.selenium.remote.service.DriverCommandExecutor.execute(DriverCommandExecutor.java:175)\n\tat org.openqa.selenium.remote.RemoteWebDriver.execute(RemoteWebDriver.java:523)\n\tat org.openqa.selenium.remote.RemoteWebElement.execute(RemoteWebElement.java:224)\n\tat org.openqa.selenium.remote.RemoteWebElement.click(RemoteWebElement.java:77)\n\tat by.tanya.intershop.pages.PlannerPage.addEntries(PlannerPage.java:60)\n\tat by.tanya.intershop.steptoscenario.PlannerStep.addEntriesToPlanner(PlannerStep.java:22)\n\tat ✽.Add 10 new entries(classpath:features/planner.feature:8)\n","steps":[{"name":"Given  planner site is open","time":{"start":1762769243486,"stop":1762769244761,"duration":1275},"status":"passed","steps":[],"attachments":[],"parameters":[],"shouldDisplayMessage":false,"stepsCount":0,"attachmentsCount":0,"hasContent":false,"attachmentStep":false},{"name":"When  Add 10 new entries","time":{"start":1762769244761,"stop":1762769244993,"duration":232},"status":"broken","statusMessage":"element not interactable\n  (Session info: chrome=142.0.7444.59)\nBuild info: version: '4.16.1', revision: '9b4c83354e'\nSystem info: os.name: 'Linux', os.arch: 'amd64', os.version: '6.11.0-1018-azure', java.version: '21.0.9'\nDriver info: org.openqa.selenium.chrome.ChromeDriver\nCommand: [021bf00ec37480c5b5259aa7af6ee1f3, clickElement {id=f.1808E9FF179D35EC67E414396B34484C.d.69A6140BB3A5CA51BA3844DE9EBC39B0.e.18}]\nCapabilities {acceptInsecureCerts: false, browserName: chrome, browserVersion: 142.0.7444.59, chrome: {chromedriverVersion: 142.0.7444.59 (4b8153ab58d3..., userDataDir: /tmp/chrome-profile-2268972...}, fedcm:accounts: true, goog:chromeOptions: {debuggerAddress: localhost:37439}, goog:processID: 2603, networkConnectionEnabled: false, pageLoadStrategy: normal, platformName: linux, proxy: Proxy(), se:cdp: ws://localhost:37439/devtoo..., se:cdpVersion: 142.0.7444.59, setWindowRect: true, strictFileInteractability: false, timeouts: {implicit: 0, pageLoad: 300000, script: 30000}, unhandledPromptBehavior: dismiss and notify, webauthn:extension:credBlob: true, webauthn:extension:largeBlob: true, webauthn:extension:minPinLength: true, webauthn:extension:prf: true, webauthn:virtualAuthenticators: true}\nElement: [[ChromeDriver: chrome on linux (021bf00ec37480c5b5259aa7af6ee1f3)] -> css selector: .pageCreate__content > button]\nSession ID: 021bf00ec37480c5b5259aa7af6ee1f3","statusTrace":"org.openqa.selenium.ElementNotInteractableException: element not interactable\n  (Session info: chrome=142.0.7444.59)\nBuild info: version: '4.16.1', revision: '9b4c83354e'\nSystem info: os.name: 'Linux', os.arch: 'amd64', os.version: '6.11.0-1018-azure', java.version: '21.0.9'\nDriver info: org.openqa.selenium.chrome.ChromeDriver\nCommand: [021bf00ec37480c5b5259aa7af6ee1f3, clickElement {id=f.1808E9FF179D35EC67E414396B34484C.d.69A6140BB3A5CA51BA3844DE9EBC39B0.e.18}]\nCapabilities {acceptInsecureCerts: false, browserName: chrome, browserVersion: 142.0.7444.59, chrome: {chromedriverVersion: 142.0.7444.59 (4b8153ab58d3..., userDataDir: /tmp/chrome-profile-2268972...}, fedcm:accounts: true, goog:chromeOptions: {debuggerAddress: localhost:37439}, goog:processID: 2603, networkConnectionEnabled: false, pageLoadStrategy: normal, platformName: linux, proxy: Proxy(), se:cdp: ws://localhost:37439/devtoo..., se:cdpVersion: 142.0.7444.59, setWindowRect: true, strictFileInteractability: false, timeouts: {implicit: 0, pageLoad: 300000, script: 30000}, unhandledPromptBehavior: dismiss and notify, webauthn:extension:credBlob: true, webauthn:extension:largeBlob: true, webauthn:extension:minPinLength: true, webauthn:extension:prf: true, webauthn:virtualAuthenticators: true}\nElement: [[ChromeDriver: chrome on linux (021bf00ec37480c5b5259aa7af6ee1f3)] -> css selector: .pageCreate__content > button]\nSession ID: 021bf00ec37480c5b5259aa7af6ee1f3\n\tat java.base/jdk.internal.reflect.DirectConstructorHandleAccessor.newInstance(DirectConstructorHandleAccessor.java:62)\n\tat java.base/java.lang.reflect.Constructor.newInstanceWithCaller(Constructor.java:502)\n\tat java.base/java.lang.reflect.Constructor.newInstance(Constructor.java:486)\n\tat org.openqa.selenium.remote.codec.w3c.W3CHttpResponseCodec.createException(W3CHttpResponseCodec.java:200)\n\tat org.openqa.selenium.remote.codec.w3c.W3CHttpResponseCodec.decode(W3CHttpResponseCodec.java:133)\n\tat org.openqa.selenium.remote.codec.w3c.W3CHttpResponseCodec.decode(W3CHttpResponseCodec.java:52)\n\tat org.openqa.selenium.remote.HttpCommandExecutor.execute(HttpCommandExecutor.java:191)\n\tat org.openqa.selenium.remote.service.DriverCommandExecutor.invokeExecute(DriverCommandExecutor.java:200)\n\tat org.openqa.selenium.remote.service.DriverCommandExecutor.execute(DriverCommandExecutor.java:175)\n\tat org.openqa.selenium.remote.RemoteWebDriver.execute(RemoteWebDriver.java:523)\n\tat org.openqa.selenium.remote.RemoteWebElement.execute(RemoteWebElement.java:224)\n\tat org.openqa.selenium.remote.RemoteWebElement.click(RemoteWebElement.java:77)\n\tat by.tanya.intershop.pages.PlannerPage.addEntries(PlannerPage.java:60)\n\tat by.tanya.intershop.steptoscenario.PlannerStep.addEntriesToPlanner(PlannerStep.java:22)\n\tat ✽.Add 10 new entries(classpath:features/planner.feature:8)\n","steps":[],"attachments":[],"parameters":[],"shouldDisplayMessage":true,"stepsCount":0,"attachmentsCount":0,"hasContent":true,"attachmentStep":false},{"name":"And  delete top entry","time":{"start":1762769244994,"stop":1762769244995,"duration":1},"status":"skipped","steps":[],"attachments":[],"parameters":[],"shouldDisplayMessage":false,"stepsCount":0,"attachmentsCount":0,"hasContent":false,"attachmentStep":false},{"name":"And  scroll down","time":{"start":1762769244995,"stop":1762769244995,"duration":0},"status":"skipped","steps":[],"attachments":[],"parameters":[],"shouldDisplayMessage":false,"stepsCount":0,"attachmentsCount":0,"hasContent":false,"attachmentStep":false},{"name":"Then  check the original records","time":{"start":1762769244995,"stop":1762769244996,"duration":1},"status":"skipped","steps":[],"attachments":[],"parameters":[],"shouldDisplayMessage":false,"stepsCount":0,"attachmentsCount":0,"hasContent":false,"attachmentStep":false}],"attachments":[],"parameters":[],"shouldDisplayMessage":false,"stepsCount":5,"attachmentsCount":0,"hasContent":true,"attachmentStep":false},"afterStages":[{"name":"by.tanya.intershop.hooks.BeforeAfterSteps.tearDown(io.cucumber.java.Scenario)","time":{"start":1762769244996,"stop":1762769245113,"duration":117},"status":"passed","steps":[],"attachments":[{"uid":"838a8c21ed1af72c","name":"Final Screenshot - FAILED","source":"838a8c21ed1af72c.png","type":"image/png","size":21418}],"parameters":[],"shouldDisplayMessage":false,"stepsCount":0,"attachmentsCount":1,"hasContent":true,"attachmentStep":false}],"labels":[{"name":"tag","value":"Epic(\"planner\")"},{"name":"host","value":"runnervmw9dnm"},{"name":"thread","value":"2206@runnervmw9dnm.main(1)"},{"name":"feature","value":"Adding and deleting record"},{"name":"story","value":"Add 10 entries, delete top entry, scroll down, verify that original notes remain"},{"name":"suite","value":"Adding and deleting record"},{"name":"testClass","value":"Add 10 entries, delete top entry, scroll down, verify that original notes remain"},{"name":"framework","value":"cucumber4jvm"},{"name":"language","value":"java"},{"name":"gherkin_uri","value":"classpath:features/planner.feature"},{"name":"package","value":"features.planner_feature.Adding and deleting record"},{"name":"resultFormat","value":"allure2"}],"parameters":[],"links":[],"hidden":false,"retry":false,"extra":{"severity":"normal","retries":[],"categories":[{"name":"Test defects","matchedStatuses":[]}],"tags":["Epic(\"planner\")"]},"source":"7a54fe21b93816d9.json","parameterValues":[]}