{"uid":"c92ca682922163ae","name":"Add 10 entries, delete top entry, scroll down, verify that original notes remain","fullName":"features/planner.feature:7","historyId":"b54899891e8d8dd44dfdbdc12b41b445","time":{"start":1762885034932,"stop":1762885052550,"duration":17618},"status":"broken","statusMessage":"Element By.cssSelector: .pageCreate__baseButton not found\nBuild info: version: '4.16.1', revision: '9b4c83354e'\nSystem info: os.name: 'Linux', os.arch: 'amd64', os.version: '6.11.0-1018-azure', java.version: '21.0.9'\nDriver info: driver.version: unknown","statusTrace":"org.openqa.selenium.TimeoutException: Element By.cssSelector: .pageCreate__baseButton not found\nBuild info: version: '4.16.1', revision: '9b4c83354e'\nSystem info: os.name: 'Linux', os.arch: 'amd64', os.version: '6.11.0-1018-azure', java.version: '21.0.9'\nDriver info: driver.version: unknown\n\tat by.tanya.intershop.pages.PlannerPage.safeClick(PlannerPage.java:62)\n\tat by.tanya.intershop.pages.PlannerPage.addEntries(PlannerPage.java:136)\n\tat by.tanya.intershop.steptoscenario.PlannerStep.addEntriesToPlanner(PlannerStep.java:26)\n\tat ✽.Add 10 new entries(classpath:features/planner.feature:8)\n","flaky":false,"newFailed":false,"newBroken":false,"newPassed":false,"retriesCount":0,"retriesStatusChange":false,"beforeStages":[{"name":"by.tanya.intershop.hooks.BeforeAfterSteps.setUp()","time":{"start":1762885034932,"stop":1762885035225,"duration":293},"status":"passed","steps":[],"attachments":[],"parameters":[],"shouldDisplayMessage":false,"stepsCount":0,"attachmentsCount":0,"hasContent":false,"attachmentStep":false}],"testStage":{"status":"broken","statusMessage":"Element By.cssSelector: .pageCreate__baseButton not found\nBuild info: version: '4.16.1', revision: '9b4c83354e'\nSystem info: os.name: 'Linux', os.arch: 'amd64', os.version: '6.11.0-1018-azure', java.version: '21.0.9'\nDriver info: driver.version: unknown","statusTrace":"org.openqa.selenium.TimeoutException: Element By.cssSelector: .pageCreate__baseButton not found\nBuild info: version: '4.16.1', revision: '9b4c83354e'\nSystem info: os.name: 'Linux', os.arch: 'amd64', os.version: '6.11.0-1018-azure', java.version: '21.0.9'\nDriver info: driver.version: unknown\n\tat by.tanya.intershop.pages.PlannerPage.safeClick(PlannerPage.java:62)\n\tat by.tanya.intershop.pages.PlannerPage.addEntries(PlannerPage.java:136)\n\tat by.tanya.intershop.steptoscenario.PlannerStep.addEntriesToPlanner(PlannerStep.java:26)\n\tat ✽.Add 10 new entries(classpath:features/planner.feature:8)\n","steps":[{"name":"Given  planner site is open","time":{"start":1762885035225,"stop":1762885036634,"duration":1409},"status":"passed","steps":[],"attachments":[],"parameters":[],"shouldDisplayMessage":false,"stepsCount":0,"attachmentsCount":0,"hasContent":false,"attachmentStep":false},{"name":"When  Add 10 new entries","time":{"start":1762885036635,"stop":1762885052444,"duration":15809},"status":"broken","statusMessage":"Element By.cssSelector: .pageCreate__baseButton not found\nBuild info: version: '4.16.1', revision: '9b4c83354e'\nSystem info: os.name: 'Linux', os.arch: 'amd64', os.version: '6.11.0-1018-azure', java.version: '21.0.9'\nDriver info: driver.version: unknown","statusTrace":"org.openqa.selenium.TimeoutException: Element By.cssSelector: .pageCreate__baseButton not found\nBuild info: version: '4.16.1', revision: '9b4c83354e'\nSystem info: os.name: 'Linux', os.arch: 'amd64', os.version: '6.11.0-1018-azure', java.version: '21.0.9'\nDriver info: driver.version: unknown\n\tat by.tanya.intershop.pages.PlannerPage.safeClick(PlannerPage.java:62)\n\tat by.tanya.intershop.pages.PlannerPage.addEntries(PlannerPage.java:136)\n\tat by.tanya.intershop.steptoscenario.PlannerStep.addEntriesToPlanner(PlannerStep.java:26)\n\tat ✽.Add 10 new entries(classpath:features/planner.feature:8)\n","steps":[],"attachments":[],"parameters":[],"shouldDisplayMessage":true,"stepsCount":0,"attachmentsCount":0,"hasContent":true,"attachmentStep":false},{"name":"And  delete top entry","time":{"start":1762885052445,"stop":1762885052445,"duration":0},"status":"skipped","steps":[],"attachments":[],"parameters":[],"shouldDisplayMessage":false,"stepsCount":0,"attachmentsCount":0,"hasContent":false,"attachmentStep":false},{"name":"And  scroll down","time":{"start":1762885052445,"stop":1762885052446,"duration":1},"status":"skipped","steps":[],"attachments":[],"parameters":[],"shouldDisplayMessage":false,"stepsCount":0,"attachmentsCount":0,"hasContent":false,"attachmentStep":false},{"name":"Then  check the original records","time":{"start":1762885052446,"stop":1762885052446,"duration":0},"status":"skipped","steps":[],"attachments":[],"parameters":[],"shouldDisplayMessage":false,"stepsCount":0,"attachmentsCount":0,"hasContent":false,"attachmentStep":false}],"attachments":[],"parameters":[],"shouldDisplayMessage":false,"stepsCount":5,"attachmentsCount":0,"hasContent":true,"attachmentStep":false},"afterStages":[{"name":"by.tanya.intershop.hooks.BeforeAfterSteps.tearDown(io.cucumber.java.Scenario)","time":{"start":1762885052446,"stop":1762885052549,"duration":103},"status":"passed","steps":[],"attachments":[{"uid":"4b79b1a422e72f6b","name":"Final Screenshot - FAILED","source":"4b79b1a422e72f6b.png","type":"image/png","size":21840}],"parameters":[],"shouldDisplayMessage":false,"stepsCount":0,"attachmentsCount":1,"hasContent":true,"attachmentStep":false}],"labels":[{"name":"tag","value":"Epic(\"planner\")"},{"name":"host","value":"runnervmw9dnm"},{"name":"thread","value":"2215@runnervmw9dnm.main(1)"},{"name":"feature","value":"Adding and deleting record"},{"name":"story","value":"Add 10 entries, delete top entry, scroll down, verify that original notes remain"},{"name":"suite","value":"Adding and deleting record"},{"name":"testClass","value":"Add 10 entries, delete top entry, scroll down, verify that original notes remain"},{"name":"framework","value":"cucumber4jvm"},{"name":"language","value":"java"},{"name":"gherkin_uri","value":"classpath:features/planner.feature"},{"name":"package","value":"features.planner_feature.Adding and deleting record"},{"name":"resultFormat","value":"allure2"}],"parameters":[],"links":[],"hidden":false,"retry":false,"extra":{"severity":"normal","retries":[],"categories":[{"name":"Test defects","matchedStatuses":[]}],"tags":["Epic(\"planner\")"]},"source":"c92ca682922163ae.json","parameterValues":[]}